<?xml version="1.0" encoding="UTF-8"?>
<testsuite xmlns:xsi="http://www.w3.org/2001/XMLSchema-instance" xsi:noNamespaceSchemaLocation="https://maven.apache.org/surefire/maven-surefire-plugin/xsd/surefire-test-report-3.0.xsd" version="3.0" name="bhushandhande.Mavenjava4.SeleniumTest" time="0.336" tests="1" errors="0" skipped="0" failures="0">
  <properties>
    <property name="java.specification.version" value="15"/>
    <property name="sun.cpu.isalist" value="amd64"/>
    <property name="sun.jnu.encoding" value="Cp1252"/>
    <property name="java.class.path" value="C:\Users\bhush\eclipse-workspace1\Mavenjava4\target\test-classes;C:\Users\bhush\eclipse-workspace1\Mavenjava4\target\classes;C:\Users\bhush\.m2\repository\org\testng\testng\7.4.0\testng-7.4.0.jar;C:\Users\bhush\.m2\repository\com\beust\jcommander\1.78\jcommander-1.78.jar;C:\Users\bhush\.m2\repository\org\webjars\jquery\3.5.1\jquery-3.5.1.jar;C:\Users\bhush\.m2\repository\junit\junit\3.8.1\junit-3.8.1.jar;"/>
    <property name="java.vm.vendor" value="Oracle Corporation"/>
    <property name="sun.arch.data.model" value="64"/>
    <property name="user.variant" value=""/>
    <property name="java.vendor.url" value="https://java.oracle.com/"/>
    <property name="user.timezone" value="Asia/Calcutta"/>
    <property name="os.name" value="Windows 10"/>
    <property name="java.vm.specification.version" value="15"/>
    <property name="sun.java.launcher" value="SUN_STANDARD"/>
    <property name="user.country" value="IN"/>
    <property name="sun.boot.library.path" value="C:\Program Files\Java\jdk-15.0.2\bin"/>
    <property name="sun.java.command" value="C:\Users\bhush\AppData\Local\Temp\surefire4137626580833657658\surefirebooter9408074711231968591.jar C:\Users\bhush\AppData\Local\Temp\surefire4137626580833657658 2021-08-31T12-55-38_017-jvmRun1 surefire4027072218332778856tmp surefire_015499924107263625755tmp"/>
    <property name="jdk.debug" value="release"/>
    <property name="test" value="SeleniumTest"/>
    <property name="surefire.test.class.path" value="C:\Users\bhush\eclipse-workspace1\Mavenjava4\target\test-classes;C:\Users\bhush\eclipse-workspace1\Mavenjava4\target\classes;C:\Users\bhush\.m2\repository\org\testng\testng\7.4.0\testng-7.4.0.jar;C:\Users\bhush\.m2\repository\com\beust\jcommander\1.78\jcommander-1.78.jar;C:\Users\bhush\.m2\repository\org\webjars\jquery\3.5.1\jquery-3.5.1.jar;C:\Users\bhush\.m2\repository\junit\junit\3.8.1\junit-3.8.1.jar;"/>
    <property name="sun.cpu.endian" value="little"/>
    <property name="user.home" value="C:\Users\bhush"/>
    <property name="user.language" value="en"/>
    <property name="java.specification.vendor" value="Oracle Corporation"/>
    <property name="java.version.date" value="2021-01-19"/>
    <property name="java.home" value="C:\Program Files\Java\jdk-15.0.2"/>
    <property name="file.separator" value="\"/>
    <property name="basedir" value="C:\Users\bhush\eclipse-workspace1\Mavenjava4"/>
    <property name="java.vm.compressedOopsMode" value="32-bit"/>
    <property name="line.separator" value="&#10;"/>
    <property name="java.vm.specification.vendor" value="Oracle Corporation"/>
    <property name="java.specification.name" value="Java Platform API Specification"/>
    <property name="surefire.real.class.path" value="C:\Users\bhush\AppData\Local\Temp\surefire4137626580833657658\surefirebooter9408074711231968591.jar"/>
    <property name="user.script" value=""/>
    <property name="sun.management.compiler" value="HotSpot 64-Bit Tiered Compilers"/>
    <property name="java.runtime.version" value="15.0.2+7-27"/>
    <property name="user.name" value="bhush"/>
    <property name="path.separator" value=";"/>
    <property name="os.version" value="10.0"/>
    <property name="java.runtime.name" value="Java(TM) SE Runtime Environment"/>
    <property name="file.encoding" value="Cp1252"/>
    <property name="java.vm.name" value="Java HotSpot(TM) 64-Bit Server VM"/>
    <property name="localRepository" value="C:\Users\bhush\.m2\repository"/>
    <property name="java.vendor.url.bug" value="https://bugreport.java.com/bugreport/"/>
    <property name="java.io.tmpdir" value="C:\Users\bhush\AppData\Local\Temp\"/>
    <property name="java.version" value="15.0.2"/>
    <property name="user.dir" value="C:\Users\bhush\eclipse-workspace1\Mavenjava4"/>
    <property name="os.arch" value="amd64"/>
    <property name="java.vm.specification.name" value="Java Virtual Machine Specification"/>
    <property name="sun.os.patch.level" value=""/>
    <property name="java.library.path" value="C:\Program Files\Java\jdk-15.0.2\bin;C:\WINDOWS\Sun\Java\bin;C:\WINDOWS\system32;C:\WINDOWS;C:\Program Files\Common Files\Oracle\Java\javapath;C:\WINDOWS\system32;C:\WINDOWS;C:\WINDOWS\System32\Wbem;C:\WINDOWS\System32\WindowsPowerShell\v1.0\;C:\WINDOWS\System32\OpenSSH\;C:\Program Files\dotnet\;C:\Program Files (x86)\dotnet\;C:\Users\bhush\Downloads\apache-maven-3.8.2-bin\apache-maven-3.8.2\bin;&quot;C:\Users\bhush\AppData\Local\Programs\Python\Python37-32\Scripts\;C:\Users\bhush\Downloads&quot;;C:\Users\bhush\AppData\Local\Programs\Python\Python37-32\;C:\Program Files\Java\jdk-15.0.2\bin;;."/>
    <property name="java.vm.info" value="mixed mode, sharing"/>
    <property name="java.vendor" value="Oracle Corporation"/>
    <property name="java.vm.version" value="15.0.2+7-27"/>
    <property name="sun.io.unicode.encoding" value="UnicodeLittle"/>
    <property name="java.class.version" value="59.0"/>
  </properties>
  <testcase name="Selenium1Test" classname="bhushandhande.Mavenjava4.SeleniumTest" time="0.004"/>
</testsuite>