<?xml version="1.0" encoding="UTF-8"?>
<!-- Generated by org.testng.reporters.JUnitReportReporter -->
<testsuite hostname="LAPTOP-76FCKB0P" failures="0" tests="1" name="bhushandhande.Mavenjava4.AppTest" time="0.002" errors="0" timestamp="2021-08-31T14:48:23 IST" skipped="0">
  <testcase classname="bhushandhande.Mavenjava4.AppTest" name="bhushan" time="0.002"/>
  <system-out/>
</testsuite> <!-- bhushandhande.Mavenjava4.AppTest -->
