<?xml version="1.0" encoding="UTF-8"?>
<!-- Generated by org.testng.reporters.JUnitReportReporter -->
<testsuite hostname="LAPTOP-76FCKB0P" failures="0" tests="1" name="bhushandhande.Mavenjava4.RestapiTest" time="0.001" errors="0" timestamp="2021-08-31T12:44:45 IST" skipped="0">
  <testcase classname="bhushandhande.Mavenjava4.RestapiTest" name="restapiTest" time="0.001"/>
  <system-out/>
</testsuite> <!-- bhushandhande.Mavenjava4.RestapiTest -->
